Function call error: Name node not found for Window!
Function call error: Name node not found for Window!
Function call error: Name node not found for Window!
Function call error: Name node not found for Window!
Function call error: Name node not found for Window!
Function call error: Name node not found for Window!
Function call error: Name node not found for Window!
Function call error: Name node not found for Window!
Function call error: Name node not found for Window!
Function call error: Name node not found for XMLHttpRequest!
Function call error: Name node not found for XMLHttpRequest!
Function call error: Name node not found for XMLHttpRequest!
Function call error: Name node not found for XMLHttpRequest!
Function call error: Name node not found for md5!
Function call error: Name node not found for md5!
Function call error: Name node not found for Window!
Function call error: Name node not found for XMLHttpRequest!
AST_CATCH_LIST is not implemented
AST_CATCH_LIST is not implemented
AST_BREAK is not impelmented
AST_BREAK is not impelmented
AST_BREAK is not impelmented
AST_BREAK is not impelmented
AST_BREAK is not impelmented
AST_BREAK is not impelmented
AST_BREAK is not impelmented
Function call error: Name node not found for Window!
AST_STMT_LIST is not implemented
AST_STMT_LIST is not implemented
AST_STMT_LIST is not implemented
AST_STMT_LIST is not implemented
AST_STMT_LIST is not implemented
AST_STMT_LIST is not implemented
AST_STMT_LIST is not implemented
AST_STMT_LIST is not implemented
AST_STMT_LIST is not implemented
AST_STMT_LIST is not implemented
AST_STMT_LIST is not implemented
AST_STMT_LIST is not implemented
AST_STMT_LIST is not implemented
AST_STMT_LIST is not implemented
AST_STMT_LIST is not implemented
AST_STMT_LIST is not implemented
AST_STMT_LIST is not implemented
AST_STMT_LIST is not implemented
AST_STMT_LIST is not implemented
AST_STMT_LIST is not implemented
AST_STMT_LIST is not implemented
AST_STMT_LIST is not implemented
AST_STMT_LIST is not implemented
AST_STMT_LIST is not implemented
AST_STMT_LIST is not implemented
Function call error: Name node not found for Window!
Function call error: Name node not found for XMLHttpRequest!
Function call error: Name node not found for XMLHttpRequest!
Function call error: Name node not found for XMLHttpRequest!
Function call error: Name node not found for XMLHttpRequest!
Function call error: Name node not found for md5!
Function call error: Name node not found for md5!
Function call error: Name node not found for Window!
Function call error: Name node not found for XMLHttpRequest!
Function call error: Name node not found for XMLHttpRequest!
Function call error: Name node not found for XMLHttpRequest!
Function call error: Name node not found for XMLHttpRequest!
Function call error: Name node not found for md5!
Function call error: Name node not found for md5!
Function call error: Name node not found for Window!
Function call error: Name node not found for XMLHttpRequest!
AST_THROW is not impelmented
Function call error: Name node not found for XMLHttpRequest!
AST_THROW is not impelmented
Function call error: Name node not found for XMLHttpRequest!
AST_THROW is not impelmented
Function call error: Name node not found for XMLHttpRequest!
AST_THROW is not impelmented
Function call error: Name node not found for Window!
Function call error: Name node not found for XMLHttpRequest!
AST_CATCH_LIST is not implemented
AST_CATCH_LIST is not implemented
AST_BREAK is not impelmented
AST_BREAK is not impelmented
AST_BREAK is not impelmented
AST_BREAK is not impelmented
AST_BREAK is not impelmented
AST_BREAK is not impelmented
AST_BREAK is not impelmented
Function call error: Name node not found for Window!
AST_STMT_LIST is not implemented
AST_STMT_LIST is not implemented
AST_STMT_LIST is not implemented
AST_STMT_LIST is not implemented
AST_STMT_LIST is not implemented
AST_STMT_LIST is not implemented
AST_STMT_LIST is not implemented
AST_STMT_LIST is not implemented
AST_STMT_LIST is not implemented
AST_STMT_LIST is not implemented
AST_STMT_LIST is not implemented
AST_STMT_LIST is not implemented
AST_STMT_LIST is not implemented
AST_STMT_LIST is not implemented
AST_STMT_LIST is not implemented
AST_STMT_LIST is not implemented
AST_STMT_LIST is not implemented
AST_STMT_LIST is not implemented
AST_STMT_LIST is not implemented
AST_STMT_LIST is not implemented
AST_STMT_LIST is not implemented
AST_STMT_LIST is not implemented
AST_STMT_LIST is not implemented
AST_STMT_LIST is not implemented
AST_STMT_LIST is not implemented
Function call error: Name node not found for Window!
Function call error: Name node not found for XMLHttpRequest!
Function call error: Name node not found for XMLHttpRequest!
Function call error: Name node not found for XMLHttpRequest!
Function call error: Name node not found for XMLHttpRequest!
Function call error: Name node not found for md5!
Function call error: Name node not found for md5!
Function call error: Name node not found for Window!
AST_CONTINUE is not implemented
AST_CONTINUE is not implemented
AST_CONTINUE is not implemented
AST_CONTINUE is not implemented
AST_CONTINUE is not implemented
AST_CONTINUE is not implemented
AST_CONTINUE is not implemented
AST_CONTINUE is not implemented
AST_CONTINUE is not implemented
AST_CONTINUE is not implemented
AST_CONTINUE is not implemented
AST_CONTINUE is not implemented
AST_CONTINUE is not implemented
AST_CONTINUE is not implemented
AST_CONTINUE is not implemented
AST_CONTINUE is not implemented
AST_CONTINUE is not implemented
AST_CONTINUE is not implemented
AST_CONTINUE is not implemented
AST_CONTINUE is not implemented
AST_CONTINUE is not implemented
AST_CONTINUE is not implemented
AST_CONTINUE is not implemented
Function call error: Name node not found for Window!
Function call error: Name node not found for XMLHttpRequest!
Function call error: Name node not found for XMLHttpRequest!
Function call error: Name node not found for XMLHttpRequest!
Function call error: Name node not found for XMLHttpRequest!
Function call error: Name node not found for md5!
Function call error: Name node not found for md5!
Function call error: Name node not found for Window!
Function call error: Name node not found for XMLHttpRequest!
AST_THROW is not impelmented
Function call error: Name node not found for XMLHttpRequest!
AST_THROW is not impelmented
Function call error: Name node not found for XMLHttpRequest!
AST_THROW is not impelmented
Function call error: Name node not found for XMLHttpRequest!
AST_THROW is not impelmented
Function call error: Name node not found for Window!
Function call error: Name node not found for XMLHttpRequest!
AST_CATCH_LIST is not implemented
AST_CATCH_LIST is not implemented
AST_BREAK is not impelmented
AST_BREAK is not impelmented
AST_BREAK is not impelmented
AST_BREAK is not impelmented
AST_BREAK is not impelmented
AST_BREAK is not impelmented
AST_BREAK is not impelmented
Function call error: Name node not found for Window!
AST_STMT_LIST is not implemented
AST_STMT_LIST is not implemented
AST_STMT_LIST is not implemented
AST_STMT_LIST is not implemented
AST_STMT_LIST is not implemented
AST_STMT_LIST is not implemented
AST_STMT_LIST is not implemented
AST_STMT_LIST is not implemented
AST_STMT_LIST is not implemented
AST_STMT_LIST is not implemented
AST_STMT_LIST is not implemented
AST_STMT_LIST is not implemented
AST_STMT_LIST is not implemented
AST_STMT_LIST is not implemented
AST_STMT_LIST is not implemented
AST_STMT_LIST is not implemented
AST_STMT_LIST is not implemented
AST_STMT_LIST is not implemented
AST_STMT_LIST is not implemented
AST_STMT_LIST is not implemented
AST_STMT_LIST is not implemented
AST_STMT_LIST is not implemented
AST_STMT_LIST is not implemented
AST_STMT_LIST is not implemented
AST_STMT_LIST is not implemented
Function call error: Name node not found for Window!
Function call error: Name node not found for XMLHttpRequest!
Function call error: Name node not found for XMLHttpRequest!
Function call error: Name node not found for XMLHttpRequest!
Function call error: Name node not found for XMLHttpRequest!
Function call error: Name node not found for md5!
Function call error: Name node not found for md5!
Function call error: Name node not found for Window!
Function call error: Name node not found for XMLHttpRequest!
Function call error: Name node not found for XMLHttpRequest!
Function call error: Name node not found for XMLHttpRequest!
Function call error: Name node not found for XMLHttpRequest!
Function call error: Name node not found for md5!
Function call error: Name node not found for md5!
Function call error: Name node not found for Window!
Function call error: Name node not found for XMLHttpRequest!
AST_THROW is not impelmented
Function call error: Name node not found for XMLHttpRequest!
AST_THROW is not impelmented
Function call error: Name node not found for XMLHttpRequest!
AST_THROW is not impelmented
Function call error: Name node not found for XMLHttpRequest!
AST_THROW is not impelmented
Function call error: Name node not found for Window!
Function call error: Name node not found for XMLHttpRequest!
AST_CATCH_LIST is not implemented
AST_CATCH_LIST is not implemented
AST_BREAK is not impelmented
AST_BREAK is not impelmented
AST_BREAK is not impelmented
AST_BREAK is not impelmented
AST_BREAK is not impelmented
AST_BREAK is not impelmented
AST_BREAK is not impelmented
Function call error: Name node not found for Window!
AST_STMT_LIST is not implemented
AST_STMT_LIST is not implemented
AST_STMT_LIST is not implemented
AST_STMT_LIST is not implemented
AST_STMT_LIST is not implemented
AST_STMT_LIST is not implemented
AST_STMT_LIST is not implemented
AST_STMT_LIST is not implemented
AST_STMT_LIST is not implemented
AST_STMT_LIST is not implemented
AST_STMT_LIST is not implemented
AST_STMT_LIST is not implemented
AST_STMT_LIST is not implemented
AST_STMT_LIST is not implemented
AST_STMT_LIST is not implemented
AST_STMT_LIST is not implemented
AST_STMT_LIST is not implemented
AST_STMT_LIST is not implemented
AST_STMT_LIST is not implemented
AST_STMT_LIST is not implemented
AST_STMT_LIST is not implemented
AST_STMT_LIST is not implemented
AST_STMT_LIST is not implemented
AST_STMT_LIST is not implemented
AST_STMT_LIST is not implemented
Function call error: Name node not found for Window!
Function call error: Name node not found for XMLHttpRequest!
Function call error: Name node not found for XMLHttpRequest!
Function call error: Name node not found for XMLHttpRequest!
Function call error: Name node not found for XMLHttpRequest!
Function call error: Name node not found for md5!
Function call error: Name node not found for md5!
Function call error: Name node not found for Window!
AST_CONTINUE is not implemented
AST_CONTINUE is not implemented
AST_CONTINUE is not implemented
AST_CONTINUE is not implemented
AST_CONTINUE is not implemented
AST_CONTINUE is not implemented
AST_CONTINUE is not implemented
AST_CONTINUE is not implemented
AST_CONTINUE is not implemented
AST_CONTINUE is not implemented
AST_CONTINUE is not implemented
AST_CONTINUE is not implemented
AST_CONTINUE is not implemented
AST_CONTINUE is not implemented
AST_CONTINUE is not implemented
AST_CONTINUE is not implemented
AST_CONTINUE is not implemented
AST_CONTINUE is not implemented
AST_CONTINUE is not implemented
AST_CONTINUE is not implemented
AST_CONTINUE is not implemented
AST_CONTINUE is not implemented
AST_CONTINUE is not implemented
AST_CONTINUE is not implemented
AST_CONTINUE is not implemented
AST_CONTINUE is not implemented
AST_CONTINUE is not implemented
AST_CONTINUE is not implemented
Function call error: Name node not found for Window!
Function call error: Name node not found for XMLHttpRequest!
Function call error: Name node not found for XMLHttpRequest!
Function call error: Name node not found for XMLHttpRequest!
Function call error: Name node not found for XMLHttpRequest!
Function call error: Name node not found for md5!
Function call error: Name node not found for md5!
Function call error: Name node not found for Window!
Function call error: Name node not found for XMLHttpRequest!
AST_THROW is not impelmented
Function call error: Name node not found for XMLHttpRequest!
AST_THROW is not impelmented
Function call error: Name node not found for XMLHttpRequest!
AST_THROW is not impelmented
Function call error: Name node not found for XMLHttpRequest!
AST_THROW is not impelmented
Function call error: Name node not found for Window!
Function call error: Name node not found for XMLHttpRequest!
AST_CATCH_LIST is not implemented
AST_CATCH_LIST is not implemented
AST_BREAK is not impelmented
AST_BREAK is not impelmented
AST_BREAK is not impelmented
AST_BREAK is not impelmented
AST_BREAK is not impelmented
AST_BREAK is not impelmented
AST_BREAK is not impelmented
Function call error: Name node not found for Window!
AST_STMT_LIST is not implemented
AST_STMT_LIST is not implemented
AST_STMT_LIST is not implemented
AST_STMT_LIST is not implemented
AST_STMT_LIST is not implemented
AST_STMT_LIST is not implemented
AST_STMT_LIST is not implemented
AST_STMT_LIST is not implemented
AST_STMT_LIST is not implemented
AST_STMT_LIST is not implemented
AST_STMT_LIST is not implemented
AST_STMT_LIST is not implemented
AST_STMT_LIST is not implemented
AST_STMT_LIST is not implemented
AST_STMT_LIST is not implemented
AST_STMT_LIST is not implemented
AST_STMT_LIST is not implemented
AST_STMT_LIST is not implemented
AST_STMT_LIST is not implemented
AST_STMT_LIST is not implemented
AST_STMT_LIST is not implemented
Function call error: Name node not found for Window!
Function call error: Name node not found for XMLHttpRequest!
Function call error: Name node not found for XMLHttpRequest!
Function call error: Name node not found for XMLHttpRequest!
Function call error: Name node not found for XMLHttpRequest!
Function call error: Name node not found for md5!
Function call error: Name node not found for md5!
Function call error: Name node not found for Window!
Function call error: Name node not found for XMLHttpRequest!
AST_THROW is not impelmented
Function call error: Name node not found for XMLHttpRequest!
AST_THROW is not impelmented
Function call error: Name node not found for XMLHttpRequest!
AST_THROW is not impelmented
Function call error: Name node not found for XMLHttpRequest!
AST_THROW is not impelmented
Function call error: Name node not found for Window!
Function call error: Name node not found for XMLHttpRequest!
AST_CATCH_LIST is not implemented
AST_CATCH_LIST is not implemented
AST_BREAK is not impelmented
AST_BREAK is not impelmented
AST_BREAK is not impelmented
AST_BREAK is not impelmented
AST_BREAK is not impelmented
AST_BREAK is not impelmented
AST_BREAK is not impelmented
Function call error: Name node not found for Window!
AST_STMT_LIST is not implemented
AST_STMT_LIST is not implemented
AST_STMT_LIST is not implemented
AST_STMT_LIST is not implemented
AST_STMT_LIST is not implemented
AST_STMT_LIST is not implemented
AST_STMT_LIST is not implemented
AST_STMT_LIST is not implemented
AST_STMT_LIST is not implemented
AST_STMT_LIST is not implemented
AST_STMT_LIST is not implemented
AST_STMT_LIST is not implemented
AST_STMT_LIST is not implemented
AST_STMT_LIST is not implemented
AST_STMT_LIST is not implemented
AST_STMT_LIST is not implemented
AST_STMT_LIST is not implemented
AST_STMT_LIST is not implemented
AST_STMT_LIST is not implemented
AST_STMT_LIST is not implemented
AST_STMT_LIST is not implemented
AST_STMT_LIST is not implemented
AST_STMT_LIST is not implemented
AST_STMT_LIST is not implemented
AST_STMT_LIST is not implemented
Function call error: Name node not found for Window!
Function call error: Name node not found for XMLHttpRequest!
Function call error: Name node not found for XMLHttpRequest!
Function call error: Name node not found for XMLHttpRequest!
Function call error: Name node not found for XMLHttpRequest!
Function call error: Name node not found for md5!
Function call error: Name node not found for md5!
Function call error: Name node not found for Window!
AST_CONTINUE is not implemented
AST_CONTINUE is not implemented
AST_CONTINUE is not implemented
AST_CONTINUE is not implemented
AST_CONTINUE is not implemented
AST_CONTINUE is not implemented
AST_CONTINUE is not implemented
AST_CONTINUE is not implemented
AST_CONTINUE is not implemented
AST_CONTINUE is not implemented
AST_CONTINUE is not implemented
AST_CONTINUE is not implemented
AST_CONTINUE is not implemented
AST_CONTINUE is not implemented
AST_CONTINUE is not implemented
AST_CONTINUE is not implemented
AST_CONTINUE is not implemented
AST_CONTINUE is not implemented
AST_CONTINUE is not implemented
AST_CONTINUE is not implemented
AST_CONTINUE is not implemented
AST_CONTINUE is not implemented
AST_CONTINUE is not implemented
AST_CONTINUE is not implemented
AST_CONTINUE is not implemented
AST_CONTINUE is not implemented
AST_CONTINUE is not implemented
AST_CONTINUE is not implemented
AST_CONTINUE is not implemented
AST_CONTINUE is not implemented
AST_CONTINUE is not implemented
AST_CONTINUE is not implemented
AST_CONTINUE is not implemented
AST_CONTINUE is not implemented
AST_CONTINUE is not implemented
AST_CONTINUE is not implemented
AST_CONTINUE is not implemented
AST_CONTINUE is not implemented
AST_CONTINUE is not implemented
AST_CONTINUE is not implemented
AST_CONTINUE is not implemented
AST_CONTINUE is not implemented
AST_CONTINUE is not implemented
AST_CONTINUE is not implemented
AST_CONTINUE is not implemented
AST_CONTINUE is not implemented
AST_CONTINUE is not implemented
AST_CONTINUE is not implemented
AST_CONTINUE is not implemented
AST_CONTINUE is not implemented
AST_CONTINUE is not implemented
AST_CONTINUE is not implemented
AST_CONTINUE is not implemented
AST_CONTINUE is not implemented
AST_CONTINUE is not implemented
AST_CONTINUE is not implemented
AST_CONTINUE is not implemented
AST_CONTINUE is not implemented
AST_CONTINUE is not implemented
AST_CONTINUE is not implemented
AST_CONTINUE is not implemented
AST_CONTINUE is not implemented
AST_CONTINUE is not implemented
AST_CONTINUE is not implemented
AST_CONTINUE is not implemented
AST_CONTINUE is not implemented
AST_CONTINUE is not implemented
AST_CONTINUE is not implemented
AST_CONTINUE is not implemented
AST_CONTINUE is not implemented
AST_CONTINUE is not implemented
AST_CONTINUE is not implemented
AST_CONTINUE is not implemented
AST_CONTINUE is not implemented
AST_CONTINUE is not implemented
AST_CONTINUE is not implemented
AST_CONTINUE is not implemented
AST_CONTINUE is not implemented
AST_CONTINUE is not implemented
AST_CONTINUE is not implemented
AST_CONTINUE is not implemented
AST_CONTINUE is not implemented
AST_CONTINUE is not implemented
AST_CONTINUE is not implemented
AST_CONTINUE is not implemented
AST_CONTINUE is not implemented
AST_CONTINUE is not implemented
AST_CONTINUE is not implemented
AST_CONTINUE is not implemented
AST_CONTINUE is not implemented
AST_CONTINUE is not implemented
AST_CONTINUE is not implemented
AST_CONTINUE is not implemented
AST_CONTINUE is not implemented
AST_CONTINUE is not implemented
AST_CONTINUE is not implemented
AST_CONTINUE is not implemented
AST_CONTINUE is not implemented
AST_CONTINUE is not implemented
AST_CONTINUE is not implemented
AST_CONTINUE is not implemented
AST_CONTINUE is not implemented
AST_CONTINUE is not implemented
AST_CONTINUE is not implemented
AST_CONTINUE is not implemented
AST_CONTINUE is not implemented
AST_CONTINUE is not implemented
AST_CONTINUE is not implemented
AST_CONTINUE is not implemented
AST_CONTINUE is not implemented
AST_CONTINUE is not implemented
AST_CONTINUE is not implemented
AST_CONTINUE is not implemented
AST_CONTINUE is not implemented
AST_CONTINUE is not implemented
AST_CONTINUE is not implemented
AST_CONTINUE is not implemented
AST_CONTINUE is not implemented
AST_CONTINUE is not implemented
AST_CONTINUE is not implemented
AST_CONTINUE is not implemented
AST_CONTINUE is not implemented
AST_CONTINUE is not implemented
AST_CONTINUE is not implemented
AST_CONTINUE is not implemented
AST_CONTINUE is not implemented
AST_CONTINUE is not implemented
AST_CONTINUE is not implemented
AST_CONTINUE is not implemented
AST_CONTINUE is not implemented
AST_CONTINUE is not implemented
AST_CONTINUE is not implemented
Function call error: Name node not found for Window!
Function call error: Name node not found for Window!
Function call error: Name node not found for atob!
Function call error: Name node not found for btoa!
Function call error: Name node not found for atob!
Function call error: Name node not found for btoa!
Function call error: Name node not found for Window!
Function call error: Name node not found for Window!
AST_BREAK is not impelmented
AST_BREAK is not impelmented
AST_BREAK is not impelmented
AST_BREAK is not impelmented
AST_BREAK is not impelmented
AST_BREAK is not impelmented
AST_BREAK is not impelmented
AST_BREAK is not impelmented
Function call error: Name node not found for XMLHttpRequest!
AST_BREAK is not impelmented
AST_ASSIGN_OP is not implemented
AST_ASSIGN_OP is not implemented
AST_ASSIGN_OP is not implemented
AST_ASSIGN_OP is not implemented
AST_BREAK is not impelmented
AST_BREAK is not impelmented
AST_BREAK is not impelmented
AST_BREAK is not impelmented
AST_BREAK is not impelmented
AST_BREAK is not impelmented
AST_BREAK is not impelmented
AST_BREAK is not impelmented
AST_BREAK is not impelmented
AST_BREAK is not impelmented
AST_BREAK is not impelmented
AST_BREAK is not impelmented
AST_BREAK is not impelmented
AST_BREAK is not impelmented
AST_BREAK is not impelmented
AST_BREAK is not impelmented
AST_BREAK is not impelmented
AST_BREAK is not impelmented
AST_BREAK is not impelmented
AST_BREAK is not impelmented
AST_BREAK is not impelmented
AST_BREAK is not impelmented
AST_BREAK is not impelmented
AST_BREAK is not impelmented
AST_BREAK is not impelmented
AST_BREAK is not impelmented
AST_BREAK is not impelmented
AST_ASSIGN_OP is not implemented
AST_ASSIGN_OP is not implemented
AST_ASSIGN_OP is not implemented
AST_ASSIGN_OP is not implemented
AST_BREAK is not impelmented
AST_BREAK is not impelmented
AST_BREAK is not impelmented
AST_BREAK is not impelmented
AST_BREAK is not impelmented
AST_BREAK is not impelmented
AST_BREAK is not impelmented
AST_BREAK is not impelmented
AST_BREAK is not impelmented
AST_BREAK is not impelmented
AST_BREAK is not impelmented
AST_BREAK is not impelmented
AST_BREAK is not impelmented
AST_BREAK is not impelmented
AST_BREAK is not impelmented
AST_BREAK is not impelmented
AST_BREAK is not impelmented
AST_BREAK is not impelmented
Function call error: Name node not found for URL!
AST_BREAK is not impelmented
AST_BREAK is not impelmented
AST_BREAK is not impelmented
AST_BREAK is not impelmented
AST_BREAK is not impelmented
AST_BREAK is not impelmented
AST_BREAK is not impelmented
